2025-07-12 13:27:39,441 - website_analyzer - INFO - Starting analysis of 1 URLs
2025-07-12 13:27:39,441 - website_analyzer - INFO - Processing URL 1/1: https://online-learning-college.com/
2025-07-12 13:27:39,441 - website_analyzer - INFO - Analyzing https://online-learning-college.com/ for desktop viewport
2025-07-12 13:27:39,441 - WDM - INFO - ====== WebDriver manager ======
2025-07-12 13:27:40,037 - WDM - INFO - Get LATEST chromedriver version for google-chrome
2025-07-12 13:27:40,214 - WDM - INFO - Get LATEST chromedriver version for google-chrome
2025-07-12 13:27:40,342 - WDM - INFO - Driver [/Users/patrickdefreitas/.wdm/drivers/chromedriver/mac64/138.0.7204.94/chromedriver-mac-x64/chromedriver] found in cache
2025-07-12 13:27:46,513 - browser_manager - INFO - Browser driver setup complete for desktop viewport
2025-07-12 13:27:46,513 - browser_manager - INFO - Navigating to: https://online-learning-college.com/
2025-07-12 13:27:51,365 - browser_manager - INFO - Checking for delayed CSS...
2025-07-12 13:27:51,391 - browser_manager - INFO - Delayed CSS elements found: True
2025-07-12 13:27:51,391 - browser_manager - INFO - Detected delayed CSS (WP Rocket/Hummingbird), triggering user events...
2025-07-12 13:27:51,397 - browser_manager - INFO - Found 52 delayed stylesheets
2025-07-12 13:28:00,444 - browser_manager - INFO - Delayed CSS successfully loaded and applied
2025-07-12 13:28:00,444 - browser_manager - INFO - Successfully navigated to: https://online-learning-college.com/
2025-07-12 13:28:00,445 - video_recorder - INFO - Started browser video recording: outputs/2025-07-12_13-27-39/videos/desktop/online_learning_college__desktop.mp4
2025-07-12 13:28:00,446 - website_analyzer - INFO - Started video recording for https://online-learning-college.com/ (desktop)
2025-07-12 13:28:00,446 - browser_manager - INFO - Starting page scroll for 30 seconds with 30 steps
2025-07-12 13:28:46,989 - urllib3.connectionpool - WARNING - Connection pool is full, discarding connection: localhost. Connection pool size: 1
2025-07-12 13:28:50,208 - urllib3.connectionpool - WARNING - Connection pool is full, discarding connection: localhost. Connection pool size: 1
2025-07-12 13:28:50,886 - browser_manager - INFO - Scroll progress: 3.3%
2025-07-12 13:28:51,146 - urllib3.connectionpool - WARNING - Connection pool is full, discarding connection: localhost. Connection pool size: 1
2025-07-12 13:28:51,895 - browser_manager - INFO - Scroll progress: 6.7%
2025-07-12 13:28:51,982 - urllib3.connectionpool - WARNING - Connection pool is full, discarding connection: localhost. Connection pool size: 1
2025-07-12 13:28:52,987 - browser_manager - INFO - Scroll progress: 10.0%
2025-07-12 13:28:53,108 - urllib3.connectionpool - WARNING - Connection pool is full, discarding connection: localhost. Connection pool size: 1
2025-07-12 13:28:54,113 - browser_manager - INFO - Scroll progress: 13.3%
2025-07-12 13:28:54,143 - urllib3.connectionpool - WARNING - Connection pool is full, discarding connection: localhost. Connection pool size: 1
2025-07-12 13:28:55,145 - browser_manager - INFO - Scroll progress: 16.7%
2025-07-12 13:28:55,185 - urllib3.connectionpool - WARNING - Connection pool is full, discarding connection: localhost. Connection pool size: 1
2025-07-12 13:28:56,187 - browser_manager - INFO - Scroll progress: 20.0%
2025-07-12 13:28:57,196 - browser_manager - INFO - Scroll progress: 23.3%
2025-07-12 13:28:58,204 - browser_manager - INFO - Scroll progress: 26.7%
2025-07-12 13:28:58,330 - urllib3.connectionpool - WARNING - Connection pool is full, discarding connection: localhost. Connection pool size: 1
2025-07-12 13:28:59,334 - browser_manager - INFO - Scroll progress: 30.0%
2025-07-12 13:28:59,674 - urllib3.connectionpool - WARNING - Connection pool is full, discarding connection: localhost. Connection pool size: 1
2025-07-12 13:29:00,338 - browser_manager - INFO - Scroll progress: 33.3%
2025-07-12 13:29:00,506 - urllib3.connectionpool - WARNING - Connection pool is full, discarding connection: localhost. Connection pool size: 1
2025-07-12 13:29:01,508 - browser_manager - INFO - Scroll progress: 36.7%
2025-07-12 13:29:01,596 - urllib3.connectionpool - WARNING - Connection pool is full, discarding connection: localhost. Connection pool size: 1
2025-07-12 13:29:02,600 - browser_manager - INFO - Scroll progress: 40.0%
2025-07-12 13:29:03,251 - urllib3.connectionpool - WARNING - Connection pool is full, discarding connection: localhost. Connection pool size: 1
2025-07-12 13:29:03,984 - browser_manager - INFO - Scroll progress: 43.3%
2025-07-12 13:29:04,110 - urllib3.connectionpool - WARNING - Connection pool is full, discarding connection: localhost. Connection pool size: 1
2025-07-12 13:29:05,114 - browser_manager - INFO - Scroll progress: 46.7%
2025-07-12 13:29:06,127 - browser_manager - INFO - Scroll progress: 50.0%
2025-07-12 13:29:06,258 - urllib3.connectionpool - WARNING - Connection pool is full, discarding connection: localhost. Connection pool size: 1
2025-07-12 13:29:07,263 - browser_manager - INFO - Scroll progress: 53.3%
2025-07-12 13:29:07,404 - urllib3.connectionpool - WARNING - Connection pool is full, discarding connection: localhost. Connection pool size: 1
2025-07-12 13:29:08,409 - browser_manager - INFO - Scroll progress: 56.7%
2025-07-12 13:29:09,418 - browser_manager - INFO - Scroll progress: 60.0%
2025-07-12 13:29:09,593 - urllib3.connectionpool - WARNING - Connection pool is full, discarding connection: localhost. Connection pool size: 1
2025-07-12 13:29:10,426 - browser_manager - INFO - Scroll progress: 63.3%
2025-07-12 13:29:11,436 - browser_manager - INFO - Scroll progress: 66.7%
2025-07-12 13:29:12,443 - browser_manager - INFO - Scroll progress: 70.0%
2025-07-12 13:29:12,557 - urllib3.connectionpool - WARNING - Connection pool is full, discarding connection: localhost. Connection pool size: 1
2025-07-12 13:29:13,452 - browser_manager - INFO - Scroll progress: 73.3%
2025-07-12 13:29:13,732 - urllib3.connectionpool - WARNING - Connection pool is full, discarding connection: localhost. Connection pool size: 1
2025-07-12 13:29:14,732 - browser_manager - INFO - Scroll progress: 76.7%
2025-07-12 13:29:14,821 - urllib3.connectionpool - WARNING - Connection pool is full, discarding connection: localhost. Connection pool size: 1
2025-07-12 13:29:15,823 - browser_manager - INFO - Scroll progress: 80.0%
2025-07-12 13:29:15,941 - urllib3.connectionpool - WARNING - Connection pool is full, discarding connection: localhost. Connection pool size: 1
2025-07-12 13:29:16,946 - browser_manager - INFO - Scroll progress: 83.3%
2025-07-12 13:29:16,959 - urllib3.connectionpool - WARNING - Connection pool is full, discarding connection: localhost. Connection pool size: 1
2025-07-12 13:29:17,961 - browser_manager - INFO - Scroll progress: 86.7%
2025-07-12 13:29:18,119 - urllib3.connectionpool - WARNING - Connection pool is full, discarding connection: localhost. Connection pool size: 1
2025-07-12 13:29:19,119 - browser_manager - INFO - Scroll progress: 90.0%
2025-07-12 13:29:20,885 - urllib3.connectionpool - WARNING - Connection pool is full, discarding connection: localhost. Connection pool size: 1
2025-07-12 13:29:21,565 - browser_manager - INFO - Scroll progress: 93.3%
2025-07-12 13:29:21,698 - urllib3.connectionpool - WARNING - Connection pool is full, discarding connection: localhost. Connection pool size: 1
2025-07-12 13:29:22,699 - browser_manager - INFO - Scroll progress: 96.7%
2025-07-12 13:29:22,809 - urllib3.connectionpool - WARNING - Connection pool is full, discarding connection: localhost. Connection pool size: 1
2025-07-12 13:29:23,811 - browser_manager - INFO - Scroll progress: 100.0%
2025-07-12 13:29:23,849 - urllib3.connectionpool - WARNING - Connection pool is full, discarding connection: localhost. Connection pool size: 1
2025-07-12 13:29:24,896 - urllib3.connectionpool - WARNING - Connection pool is full, discarding connection: localhost. Connection pool size: 1
2025-07-12 13:29:24,900 - browser_manager - INFO - Successfully reached page bottom
2025-07-12 13:29:24,900 - browser_manager - INFO - Page scroll completed successfully
2025-07-12 13:29:27,019 - video_recorder - INFO - Browser recording completed successfully
2025-07-12 13:29:27,019 - video_recorder - INFO - Browser video recording stopped
2025-07-12 13:29:27,019 - website_analyzer - INFO - Video recording completed: outputs/2025-07-12_13-27-39/videos/desktop/online_learning_college__desktop.mp4
2025-07-12 13:29:27,020 - browser_manager - INFO - Navigating to: https://online-learning-college.com/
2025-07-12 13:29:33,860 - browser_manager - INFO - Checking for delayed CSS...
2025-07-12 13:29:33,866 - browser_manager - INFO - Delayed CSS elements found: True
2025-07-12 13:29:33,866 - browser_manager - INFO - Detected delayed CSS (WP Rocket/Hummingbird), triggering user events...
2025-07-12 13:29:33,871 - browser_manager - INFO - Found 52 delayed stylesheets
2025-07-12 13:29:50,303 - browser_manager - INFO - Delayed CSS successfully loaded and applied
2025-07-12 13:29:50,304 - browser_manager - INFO - Successfully navigated to: https://online-learning-college.com/
2025-07-12 13:29:53,304 - website_analyzer - INFO - Starting error capture scroll for https://online-learning-college.com/ (desktop)
2025-07-12 13:29:53,304 - browser_manager - INFO - Starting error capture scroll for 15 seconds
2025-07-12 13:30:21,269 - browser_manager - INFO - Error capture scroll progress: 10.0%
2025-07-12 13:30:32,842 - browser_manager - INFO - Error capture scroll progress: 20.0%
2025-07-12 13:30:44,382 - browser_manager - INFO - Error capture scroll progress: 30.0%
2025-07-12 13:30:55,928 - browser_manager - INFO - Error capture scroll progress: 40.0%
2025-07-12 13:31:07,474 - browser_manager - INFO - Error capture scroll progress: 50.0%
2025-07-12 13:31:19,028 - browser_manager - INFO - Error capture scroll progress: 60.0%
2025-07-12 13:31:30,624 - browser_manager - INFO - Error capture scroll progress: 70.0%
2025-07-12 13:31:42,160 - browser_manager - INFO - Error capture scroll progress: 80.0%
2025-07-12 13:31:43,872 - urllib3.connectionpool - WARNING - Retrying (Retry(total=2, connect=None, read=None, redirect=None, status=None)) after connection broken by 'NewConnectionError('<urllib3.connection.HTTPConnection object at 0x7fd40841ac10>: Failed to establish a new connection: [Errno 61] Connection refused')': /session/c63b741b1d6ae679e5a1d685cd8e91e7
2025-07-12 13:31:43,873 - urllib3.connectionpool - WARNING - Retrying (Retry(total=1, connect=None, read=None, redirect=None, status=None)) after connection broken by 'NewConnectionError('<urllib3.connection.HTTPConnection object at 0x7fd40841c130>: Failed to establish a new connection: [Errno 61] Connection refused')': /session/c63b741b1d6ae679e5a1d685cd8e91e7
2025-07-12 13:31:43,875 - urllib3.connectionpool - WARNING - Retrying (Retry(total=0, connect=None, read=None, redirect=None, status=None)) after connection broken by 'NewConnectionError('<urllib3.connection.HTTPConnection object at 0x7fd40841c280>: Failed to establish a new connection: [Errno 61] Connection refused')': /session/c63b741b1d6ae679e5a1d685cd8e91e7
2025-07-12 13:31:43,880 - browser_manager - INFO - Browser closed successfully
