2025-07-12 13:09:27,769 - website_analyzer - INFO - Starting analysis of 1 URLs
2025-07-12 13:09:27,769 - website_analyzer - INFO - Processing URL 1/1: https://www.myithub.com.au/
2025-07-12 13:09:27,769 - website_analyzer - INFO - Analyzing https://www.myithub.com.au/ for desktop viewport
2025-07-12 13:09:27,769 - WDM - INFO - ====== WebDriver manager ======
2025-07-12 13:09:28,314 - WDM - INFO - Get LATEST chromedriver version for google-chrome
2025-07-12 13:09:28,459 - WDM - INFO - Get LATEST chromedriver version for google-chrome
2025-07-12 13:09:28,563 - WDM - INFO - Driver [/Users/patrickdefreitas/.wdm/drivers/chromedriver/mac64/138.0.7204.94/chromedriver-mac-x64/chromedriver] found in cache
2025-07-12 13:09:34,716 - browser_manager - INFO - Browser driver setup complete for desktop viewport
2025-07-12 13:09:34,717 - browser_manager - INFO - Navigating to: https://www.myithub.com.au/
2025-07-12 13:09:38,595 - browser_manager - INFO - Checking for delayed CSS...
2025-07-12 13:09:38,609 - browser_manager - INFO - Delayed CSS elements found: True
2025-07-12 13:09:38,609 - browser_manager - INFO - Detected delayed CSS (WP Rocket/Hummingbird), triggering user events...
2025-07-12 13:09:38,614 - browser_manager - INFO - Found 75 delayed stylesheets
2025-07-12 13:09:54,778 - browser_manager - INFO - Delayed CSS successfully loaded and applied
2025-07-12 13:09:54,778 - browser_manager - INFO - Successfully navigated to: https://www.myithub.com.au/
2025-07-12 13:09:57,781 - website_analyzer - INFO - Starting error capture scroll for https://www.myithub.com.au/ (desktop)
2025-07-12 13:09:57,781 - browser_manager - INFO - Starting error capture scroll for 15 seconds
2025-07-12 13:10:31,259 - browser_manager - INFO - Page height updated to 3459px after lazy loading
2025-07-12 13:11:16,811 - browser_manager - INFO - Error capture scroll progress: 10.0%
2025-07-12 13:11:27,249 - urllib3.connectionpool - WARNING - Retrying (Retry(total=2, connect=None, read=None, redirect=None, status=None)) after connection broken by 'NewConnectionError('<urllib3.connection.HTTPConnection object at 0x7fb19841cbe0>: Failed to establish a new connection: [Errno 61] Connection refused')': /session/bb67ece703465a04a2e08508324cc5dd
2025-07-12 13:11:27,250 - urllib3.connectionpool - WARNING - Retrying (Retry(total=1, connect=None, read=None, redirect=None, status=None)) after connection broken by 'NewConnectionError('<urllib3.connection.HTTPConnection object at 0x7fb19841ce50>: Failed to establish a new connection: [Errno 61] Connection refused')': /session/bb67ece703465a04a2e08508324cc5dd
2025-07-12 13:11:27,251 - urllib3.connectionpool - WARNING - Retrying (Retry(total=0, connect=None, read=None, redirect=None, status=None)) after connection broken by 'NewConnectionError('<urllib3.connection.HTTPConnection object at 0x7fb19841cf70>: Failed to establish a new connection: [Errno 61] Connection refused')': /session/bb67ece703465a04a2e08508324cc5dd
2025-07-12 13:11:27,256 - browser_manager - INFO - Browser closed successfully
