2025-07-12 13:22:42,814 - website_analyzer - INFO - Starting analysis of 1 URLs
2025-07-12 13:22:42,814 - website_analyzer - INFO - Processing URL 1/1: https://online-learning-college.com/
2025-07-12 13:22:42,814 - website_analyzer - INFO - Analyzing https://online-learning-college.com/ for desktop viewport
2025-07-12 13:22:42,814 - WDM - INFO - ====== WebDriver manager ======
2025-07-12 13:22:43,388 - WDM - INFO - Get LATEST chromedriver version for google-chrome
2025-07-12 13:22:43,555 - WDM - INFO - Get LATEST chromedriver version for google-chrome
2025-07-12 13:22:43,678 - WDM - INFO - Driver [/Users/patrickdefreitas/.wdm/drivers/chromedriver/mac64/138.0.7204.94/chromedriver-mac-x64/chromedriver] found in cache
2025-07-12 13:22:49,948 - browser_manager - INFO - Browser driver setup complete for desktop viewport
2025-07-12 13:22:49,949 - browser_manager - INFO - Navigating to: https://online-learning-college.com/
2025-07-12 13:22:54,531 - browser_manager - INFO - Checking for delayed CSS...
2025-07-12 13:22:54,552 - browser_manager - INFO - Delayed CSS elements found: True
2025-07-12 13:22:54,552 - browser_manager - INFO - Detected delayed CSS (WP Rocket/Hummingbird), triggering user events...
2025-07-12 13:22:54,558 - browser_manager - INFO - Found 52 delayed stylesheets
2025-07-12 13:23:03,322 - browser_manager - INFO - Delayed CSS successfully loaded and applied
2025-07-12 13:23:03,322 - browser_manager - INFO - Successfully navigated to: https://online-learning-college.com/
2025-07-12 13:23:03,323 - video_recorder - INFO - Started browser video recording: outputs/2025-07-12_13-22-42/videos/desktop/online_learning_college__desktop.mp4
2025-07-12 13:23:03,323 - website_analyzer - INFO - Started video recording for https://online-learning-college.com/ (desktop)
2025-07-12 13:23:03,323 - browser_manager - INFO - Starting page scroll for 30 seconds with 30 steps
2025-07-12 13:23:39,950 - urllib3.connectionpool - WARNING - Connection pool is full, discarding connection: localhost. Connection pool size: 1
2025-07-12 13:23:41,232 - urllib3.connectionpool - WARNING - Connection pool is full, discarding connection: localhost. Connection pool size: 1
2025-07-12 13:23:42,236 - browser_manager - INFO - Scroll progress: 3.3%
2025-07-12 13:23:42,271 - urllib3.connectionpool - WARNING - Connection pool is full, discarding connection: localhost. Connection pool size: 1
2025-07-12 13:23:43,273 - browser_manager - INFO - Scroll progress: 6.7%
2025-07-12 13:23:43,441 - urllib3.connectionpool - WARNING - Connection pool is full, discarding connection: localhost. Connection pool size: 1
2025-07-12 13:23:44,446 - browser_manager - INFO - Scroll progress: 10.0%
2025-07-12 13:23:44,583 - urllib3.connectionpool - WARNING - Connection pool is full, discarding connection: localhost. Connection pool size: 1
2025-07-12 13:23:45,587 - browser_manager - INFO - Scroll progress: 13.3%
2025-07-12 13:23:45,623 - urllib3.connectionpool - WARNING - Connection pool is full, discarding connection: localhost. Connection pool size: 1
2025-07-12 13:23:46,626 - browser_manager - INFO - Scroll progress: 16.7%
2025-07-12 13:23:47,636 - browser_manager - INFO - Scroll progress: 20.0%
2025-07-12 13:23:48,647 - browser_manager - INFO - Scroll progress: 23.3%
2025-07-12 13:23:48,731 - urllib3.connectionpool - WARNING - Connection pool is full, discarding connection: localhost. Connection pool size: 1
2025-07-12 13:23:49,736 - browser_manager - INFO - Scroll progress: 26.7%
2025-07-12 13:23:50,744 - browser_manager - INFO - Scroll progress: 30.0%
2025-07-12 13:23:51,755 - browser_manager - INFO - Scroll progress: 33.3%
2025-07-12 13:23:51,779 - urllib3.connectionpool - WARNING - Connection pool is full, discarding connection: localhost. Connection pool size: 1
2025-07-12 13:23:52,782 - browser_manager - INFO - Scroll progress: 36.7%
2025-07-12 13:23:52,871 - urllib3.connectionpool - WARNING - Connection pool is full, discarding connection: localhost. Connection pool size: 1
2025-07-12 13:23:53,876 - browser_manager - INFO - Scroll progress: 40.0%
2025-07-12 13:23:54,883 - browser_manager - INFO - Scroll progress: 43.3%
2025-07-12 13:23:54,942 - urllib3.connectionpool - WARNING - Connection pool is full, discarding connection: localhost. Connection pool size: 1
2025-07-12 13:23:55,947 - browser_manager - INFO - Scroll progress: 46.7%
2025-07-12 13:23:55,972 - urllib3.connectionpool - WARNING - Connection pool is full, discarding connection: localhost. Connection pool size: 1
2025-07-12 13:23:56,977 - browser_manager - INFO - Scroll progress: 50.0%
2025-07-12 13:23:57,983 - browser_manager - INFO - Scroll progress: 53.3%
2025-07-12 13:23:58,987 - browser_manager - INFO - Scroll progress: 56.7%
2025-07-12 13:23:59,995 - browser_manager - INFO - Scroll progress: 60.0%
2025-07-12 13:24:00,215 - urllib3.connectionpool - WARNING - Connection pool is full, discarding connection: localhost. Connection pool size: 1
2025-07-12 13:24:01,215 - browser_manager - INFO - Scroll progress: 63.3%
2025-07-12 13:24:02,221 - browser_manager - INFO - Scroll progress: 66.7%
2025-07-12 13:24:02,292 - urllib3.connectionpool - WARNING - Connection pool is full, discarding connection: localhost. Connection pool size: 1
2025-07-12 13:24:03,296 - browser_manager - INFO - Scroll progress: 70.0%
2025-07-12 13:24:03,413 - urllib3.connectionpool - WARNING - Connection pool is full, discarding connection: localhost. Connection pool size: 1
2025-07-12 13:24:04,300 - browser_manager - INFO - Scroll progress: 73.3%
2025-07-12 13:24:05,303 - browser_manager - INFO - Scroll progress: 76.7%
2025-07-12 13:24:05,441 - urllib3.connectionpool - WARNING - Connection pool is full, discarding connection: localhost. Connection pool size: 1
2025-07-12 13:24:06,316 - browser_manager - INFO - Scroll progress: 80.0%
2025-07-12 13:24:06,399 - urllib3.connectionpool - WARNING - Connection pool is full, discarding connection: localhost. Connection pool size: 1
2025-07-12 13:24:07,400 - browser_manager - INFO - Scroll progress: 83.3%
2025-07-12 13:24:08,406 - browser_manager - INFO - Scroll progress: 86.7%
2025-07-12 13:24:08,454 - urllib3.connectionpool - WARNING - Connection pool is full, discarding connection: localhost. Connection pool size: 1
2025-07-12 13:24:09,457 - browser_manager - INFO - Scroll progress: 90.0%
2025-07-12 13:24:09,602 - urllib3.connectionpool - WARNING - Connection pool is full, discarding connection: localhost. Connection pool size: 1
2025-07-12 13:24:10,606 - browser_manager - INFO - Scroll progress: 93.3%
2025-07-12 13:24:10,843 - urllib3.connectionpool - WARNING - Connection pool is full, discarding connection: localhost. Connection pool size: 1
2025-07-12 13:24:11,843 - browser_manager - INFO - Scroll progress: 96.7%
2025-07-12 13:24:11,916 - urllib3.connectionpool - WARNING - Connection pool is full, discarding connection: localhost. Connection pool size: 1
2025-07-12 13:24:12,918 - browser_manager - INFO - Scroll progress: 100.0%
2025-07-12 13:24:13,947 - urllib3.connectionpool - WARNING - Connection pool is full, discarding connection: localhost. Connection pool size: 1
2025-07-12 13:24:13,950 - browser_manager - INFO - Successfully reached page bottom
2025-07-12 13:24:13,950 - browser_manager - INFO - Page scroll completed successfully
2025-07-12 13:24:16,296 - imageio_ffmpeg - WARNING - IMAGEIO FFMPEG_WRITER WARNING: input image is not divisible by macro_block_size=16, resizing from (1920, 941) to (1920, 944) to ensure video compatibility with most codecs and players. To prevent resizing, make your input image divisible by the macro_block_size or set the macro_block_size to 1 (risking incompatibility).
2025-07-12 13:24:19,766 - video_recorder - INFO - Browser recording completed. Frames captured: 173
2025-07-12 13:24:19,767 - video_recorder - INFO - Browser video recording stopped
2025-07-12 13:24:19,767 - website_analyzer - INFO - Video recording completed: outputs/2025-07-12_13-22-42/videos/desktop/online_learning_college__desktop.mp4
2025-07-12 13:24:19,767 - browser_manager - INFO - Navigating to: https://online-learning-college.com/
2025-07-12 13:24:25,975 - browser_manager - INFO - Checking for delayed CSS...
2025-07-12 13:24:26,019 - browser_manager - INFO - Delayed CSS elements found: True
2025-07-12 13:24:26,019 - browser_manager - INFO - Detected delayed CSS (WP Rocket/Hummingbird), triggering user events...
2025-07-12 13:24:26,022 - browser_manager - INFO - Found 52 delayed stylesheets
2025-07-12 13:24:37,986 - browser_manager - INFO - Delayed CSS successfully loaded and applied
2025-07-12 13:24:37,986 - browser_manager - INFO - Successfully navigated to: https://online-learning-college.com/
2025-07-12 13:24:40,991 - website_analyzer - INFO - Starting error capture scroll for https://online-learning-college.com/ (desktop)
2025-07-12 13:24:40,991 - browser_manager - INFO - Starting error capture scroll for 15 seconds
2025-07-12 13:25:05,746 - browser_manager - INFO - Error capture scroll progress: 10.0%
2025-07-12 13:25:17,322 - browser_manager - INFO - Error capture scroll progress: 20.0%
2025-07-12 13:25:28,888 - browser_manager - INFO - Error capture scroll progress: 30.0%
2025-07-12 13:25:40,406 - browser_manager - INFO - Error capture scroll progress: 40.0%
2025-07-12 13:25:51,937 - browser_manager - INFO - Error capture scroll progress: 50.0%
2025-07-12 13:26:03,478 - browser_manager - INFO - Error capture scroll progress: 60.0%
2025-07-12 13:26:15,066 - browser_manager - INFO - Error capture scroll progress: 70.0%
2025-07-12 13:26:24,898 - urllib3.connectionpool - WARNING - Retrying (Retry(total=2, connect=None, read=None, redirect=None, status=None)) after connection broken by 'ProtocolError('Connection aborted.', ConnectionResetError(54, 'Connection reset by peer'))': /session/72d12e2658fff61054d8a40d44142650
2025-07-12 13:26:24,899 - urllib3.connectionpool - WARNING - Retrying (Retry(total=1, connect=None, read=None, redirect=None, status=None)) after connection broken by 'NewConnectionError('<urllib3.connection.HTTPConnection object at 0x7fe29f76c460>: Failed to establish a new connection: [Errno 61] Connection refused')': /session/72d12e2658fff61054d8a40d44142650
2025-07-12 13:26:24,901 - urllib3.connectionpool - WARNING - Retrying (Retry(total=0, connect=None, read=None, redirect=None, status=None)) after connection broken by 'NewConnectionError('<urllib3.connection.HTTPConnection object at 0x7fe29f76c160>: Failed to establish a new connection: [Errno 61] Connection refused')': /session/72d12e2658fff61054d8a40d44142650
2025-07-12 13:26:24,909 - browser_manager - INFO - Browser closed successfully
