2025-07-12 13:18:55,655 - website_analyzer - INFO - Starting analysis of 1 URLs
2025-07-12 13:18:55,655 - website_analyzer - INFO - Processing URL 1/1: https://online-learning-college.com/
2025-07-12 13:18:55,656 - website_analyzer - INFO - Analyzing https://online-learning-college.com/ for desktop viewport
2025-07-12 13:18:55,656 - WDM - INFO - ====== WebDriver manager ======
2025-07-12 13:18:56,154 - WDM - INFO - Get LATEST chromedriver version for google-chrome
2025-07-12 13:18:56,292 - WDM - INFO - Get LATEST chromedriver version for google-chrome
2025-07-12 13:18:56,400 - WDM - INFO - Driver [/Users/patrickdefreitas/.wdm/drivers/chromedriver/mac64/138.0.7204.94/chromedriver-mac-x64/chromedriver] found in cache
2025-07-12 13:19:02,486 - browser_manager - INFO - Browser driver setup complete for desktop viewport
2025-07-12 13:19:02,486 - browser_manager - INFO - Navigating to: https://online-learning-college.com/
2025-07-12 13:19:09,732 - browser_manager - INFO - Checking for delayed CSS...
2025-07-12 13:19:09,747 - browser_manager - INFO - Delayed CSS elements found: True
2025-07-12 13:19:09,747 - browser_manager - INFO - Detected delayed CSS (WP Rocket/Hummingbird), triggering user events...
2025-07-12 13:19:09,752 - browser_manager - INFO - Found 52 delayed stylesheets
2025-07-12 13:19:20,057 - browser_manager - INFO - Delayed CSS successfully loaded and applied
2025-07-12 13:19:20,058 - browser_manager - INFO - Successfully navigated to: https://online-learning-college.com/
2025-07-12 13:19:20,058 - video_recorder - INFO - Started browser video recording: outputs/2025-07-12_13-18-55/videos/desktop/online_learning_college__desktop.mp4
2025-07-12 13:19:20,059 - website_analyzer - INFO - Started video recording for https://online-learning-college.com/ (desktop)
2025-07-12 13:19:20,059 - browser_manager - INFO - Starting page scroll for 30 seconds with 30 steps
2025-07-12 13:19:34,869 - urllib3.connectionpool - WARNING - Connection pool is full, discarding connection: localhost. Connection pool size: 1
2025-07-12 13:19:38,558 - browser_manager - INFO - Scroll progress: 3.3%
2025-07-12 13:19:38,873 - urllib3.connectionpool - WARNING - Connection pool is full, discarding connection: localhost. Connection pool size: 1
2025-07-12 13:19:39,878 - browser_manager - INFO - Scroll progress: 6.7%
2025-07-12 13:19:39,992 - urllib3.connectionpool - WARNING - Connection pool is full, discarding connection: localhost. Connection pool size: 1
2025-07-12 13:19:40,992 - browser_manager - INFO - Scroll progress: 10.0%
2025-07-12 13:19:41,113 - urllib3.connectionpool - WARNING - Connection pool is full, discarding connection: localhost. Connection pool size: 1
2025-07-12 13:19:42,115 - browser_manager - INFO - Scroll progress: 13.3%
2025-07-12 13:19:43,123 - browser_manager - INFO - Scroll progress: 16.7%
2025-07-12 13:19:43,158 - urllib3.connectionpool - WARNING - Connection pool is full, discarding connection: localhost. Connection pool size: 1
2025-07-12 13:19:44,162 - browser_manager - INFO - Scroll progress: 20.0%
2025-07-12 13:19:44,213 - urllib3.connectionpool - WARNING - Connection pool is full, discarding connection: localhost. Connection pool size: 1
2025-07-12 13:19:45,214 - browser_manager - INFO - Scroll progress: 23.3%
2025-07-12 13:19:45,231 - urllib3.connectionpool - WARNING - Connection pool is full, discarding connection: localhost. Connection pool size: 1
2025-07-12 13:19:46,233 - browser_manager - INFO - Scroll progress: 26.7%
2025-07-12 13:19:47,241 - browser_manager - INFO - Scroll progress: 30.0%
2025-07-12 13:19:47,352 - urllib3.connectionpool - WARNING - Connection pool is full, discarding connection: localhost. Connection pool size: 1
2025-07-12 13:19:48,357 - browser_manager - INFO - Scroll progress: 33.3%
2025-07-12 13:19:48,414 - urllib3.connectionpool - WARNING - Connection pool is full, discarding connection: localhost. Connection pool size: 1
2025-07-12 13:19:49,417 - browser_manager - INFO - Scroll progress: 36.7%
2025-07-12 13:19:49,572 - urllib3.connectionpool - WARNING - Connection pool is full, discarding connection: localhost. Connection pool size: 1
2025-07-12 13:19:50,576 - browser_manager - INFO - Scroll progress: 40.0%
2025-07-12 13:19:51,584 - browser_manager - INFO - Scroll progress: 43.3%
2025-07-12 13:19:51,678 - urllib3.connectionpool - WARNING - Connection pool is full, discarding connection: localhost. Connection pool size: 1
2025-07-12 13:19:52,683 - browser_manager - INFO - Scroll progress: 46.7%
2025-07-12 13:19:52,770 - urllib3.connectionpool - WARNING - Connection pool is full, discarding connection: localhost. Connection pool size: 1
2025-07-12 13:19:53,772 - browser_manager - INFO - Scroll progress: 50.0%
2025-07-12 13:19:54,781 - browser_manager - INFO - Scroll progress: 53.3%
2025-07-12 13:19:54,848 - urllib3.connectionpool - WARNING - Connection pool is full, discarding connection: localhost. Connection pool size: 1
2025-07-12 13:19:55,852 - browser_manager - INFO - Scroll progress: 56.7%
2025-07-12 13:19:55,957 - urllib3.connectionpool - WARNING - Connection pool is full, discarding connection: localhost. Connection pool size: 1
2025-07-12 13:19:56,960 - browser_manager - INFO - Scroll progress: 60.0%
2025-07-12 13:19:57,116 - urllib3.connectionpool - WARNING - Connection pool is full, discarding connection: localhost. Connection pool size: 1
2025-07-12 13:19:58,118 - browser_manager - INFO - Scroll progress: 63.3%
2025-07-12 13:19:59,127 - browser_manager - INFO - Scroll progress: 66.7%
2025-07-12 13:19:59,146 - urllib3.connectionpool - WARNING - Connection pool is full, discarding connection: localhost. Connection pool size: 1
2025-07-12 13:20:00,149 - browser_manager - INFO - Scroll progress: 70.0%
2025-07-12 13:20:00,249 - urllib3.connectionpool - WARNING - Connection pool is full, discarding connection: localhost. Connection pool size: 1
2025-07-12 13:20:01,252 - browser_manager - INFO - Scroll progress: 73.3%
2025-07-12 13:20:01,258 - urllib3.connectionpool - WARNING - Connection pool is full, discarding connection: localhost. Connection pool size: 1
2025-07-12 13:20:02,261 - browser_manager - INFO - Scroll progress: 76.7%
2025-07-12 13:20:02,380 - urllib3.connectionpool - WARNING - Connection pool is full, discarding connection: localhost. Connection pool size: 1
2025-07-12 13:20:03,382 - browser_manager - INFO - Scroll progress: 80.0%
2025-07-12 13:20:03,540 - urllib3.connectionpool - WARNING - Connection pool is full, discarding connection: localhost. Connection pool size: 1
2025-07-12 13:20:04,545 - browser_manager - INFO - Scroll progress: 83.3%
2025-07-12 13:20:04,613 - urllib3.connectionpool - WARNING - Connection pool is full, discarding connection: localhost. Connection pool size: 1
2025-07-12 13:20:05,617 - browser_manager - INFO - Scroll progress: 86.7%
2025-07-12 13:20:05,781 - urllib3.connectionpool - WARNING - Connection pool is full, discarding connection: localhost. Connection pool size: 1
2025-07-12 13:20:06,782 - browser_manager - INFO - Scroll progress: 90.0%
2025-07-12 13:20:06,994 - urllib3.connectionpool - WARNING - Connection pool is full, discarding connection: localhost. Connection pool size: 1
2025-07-12 13:20:07,999 - browser_manager - INFO - Scroll progress: 93.3%
2025-07-12 13:20:08,108 - urllib3.connectionpool - WARNING - Connection pool is full, discarding connection: localhost. Connection pool size: 1
2025-07-12 13:20:09,111 - browser_manager - INFO - Scroll progress: 96.7%
2025-07-12 13:20:09,921 - urllib3.connectionpool - WARNING - Connection pool is full, discarding connection: localhost. Connection pool size: 1
2025-07-12 13:20:10,926 - browser_manager - INFO - Scroll progress: 100.0%
2025-07-12 13:20:10,943 - urllib3.connectionpool - WARNING - Connection pool is full, discarding connection: localhost. Connection pool size: 1
2025-07-12 13:20:11,973 - urllib3.connectionpool - WARNING - Connection pool is full, discarding connection: localhost. Connection pool size: 1
2025-07-12 13:20:11,973 - browser_manager - INFO - Successfully reached page bottom
2025-07-12 13:20:11,973 - browser_manager - INFO - Page scroll completed successfully
2025-07-12 13:20:14,253 - imageio_ffmpeg - WARNING - IMAGEIO FFMPEG_WRITER WARNING: input image is not divisible by macro_block_size=16, resizing from (1920, 941) to (1920, 944) to ensure video compatibility with most codecs and players. To prevent resizing, make your input image divisible by the macro_block_size or set the macro_block_size to 1 (risking incompatibility).
2025-07-12 13:20:17,333 - video_recorder - INFO - Browser recording completed. Frames captured: 191
2025-07-12 13:20:17,343 - video_recorder - INFO - Browser video recording stopped
2025-07-12 13:20:17,343 - website_analyzer - INFO - Video recording completed: outputs/2025-07-12_13-18-55/videos/desktop/online_learning_college__desktop.mp4
2025-07-12 13:20:17,344 - browser_manager - INFO - Navigating to: https://online-learning-college.com/
2025-07-12 13:20:22,202 - browser_manager - INFO - Checking for delayed CSS...
2025-07-12 13:20:22,205 - browser_manager - INFO - Delayed CSS elements found: True
2025-07-12 13:20:22,205 - browser_manager - INFO - Detected delayed CSS (WP Rocket/Hummingbird), triggering user events...
2025-07-12 13:20:22,208 - browser_manager - INFO - Found 52 delayed stylesheets
2025-07-12 13:20:30,163 - browser_manager - INFO - Delayed CSS successfully loaded and applied
2025-07-12 13:20:30,164 - browser_manager - INFO - Successfully navigated to: https://online-learning-college.com/
2025-07-12 13:20:33,165 - website_analyzer - INFO - Starting error capture scroll for https://online-learning-college.com/ (desktop)
2025-07-12 13:20:33,166 - browser_manager - INFO - Starting error capture scroll for 15 seconds
2025-07-12 13:20:48,138 - urllib3.connectionpool - WARNING - Retrying (Retry(total=2, connect=None, read=None, redirect=None, status=None)) after connection broken by 'ProtocolError('Connection aborted.', ConnectionResetError(54, 'Connection reset by peer'))': /session/9b4b400b6e4d5259e0e587d34857149c
2025-07-12 13:20:48,139 - urllib3.connectionpool - WARNING - Retrying (Retry(total=1, connect=None, read=None, redirect=None, status=None)) after connection broken by 'NewConnectionError('<urllib3.connection.HTTPConnection object at 0x7fa7181d5bb0>: Failed to establish a new connection: [Errno 61] Connection refused')': /session/9b4b400b6e4d5259e0e587d34857149c
2025-07-12 13:20:48,140 - urllib3.connectionpool - WARNING - Retrying (Retry(total=0, connect=None, read=None, redirect=None, status=None)) after connection broken by 'NewConnectionError('<urllib3.connection.HTTPConnection object at 0x7fa7181d5f70>: Failed to establish a new connection: [Errno 61] Connection refused')': /session/9b4b400b6e4d5259e0e587d34857149c
2025-07-12 13:20:48,144 - browser_manager - INFO - Browser closed successfully
