2025-07-12 13:12:42,512 - website_analyzer - INFO - Starting analysis of 1 URLs
2025-07-12 13:12:42,512 - website_analyzer - INFO - Processing URL 1/1: https://www.myithub.com.au/
2025-07-12 13:12:42,512 - website_analyzer - INFO - Analyzing https://www.myithub.com.au/ for desktop viewport
2025-07-12 13:12:42,512 - WDM - INFO - ====== WebDriver manager ======
2025-07-12 13:12:43,007 - WDM - INFO - Get LATEST chromedriver version for google-chrome
2025-07-12 13:12:43,184 - WDM - INFO - Get LATEST chromedriver version for google-chrome
2025-07-12 13:12:43,312 - WDM - INFO - Driver [/Users/patrickdefreitas/.wdm/drivers/chromedriver/mac64/138.0.7204.94/chromedriver-mac-x64/chromedriver] found in cache
2025-07-12 13:12:48,828 - browser_manager - INFO - Browser driver setup complete for desktop viewport
2025-07-12 13:12:48,828 - browser_manager - INFO - Navigating to: https://www.myithub.com.au/
2025-07-12 13:12:52,456 - browser_manager - INFO - Checking for delayed CSS...
2025-07-12 13:12:52,473 - browser_manager - INFO - Delayed CSS elements found: True
2025-07-12 13:12:52,473 - browser_manager - INFO - Detected delayed CSS (WP Rocket/Hummingbird), triggering user events...
2025-07-12 13:12:52,478 - browser_manager - INFO - Found 75 delayed stylesheets
2025-07-12 13:12:56,982 - browser_manager - INFO - Delayed CSS successfully loaded and applied
2025-07-12 13:12:56,982 - browser_manager - INFO - Successfully navigated to: https://www.myithub.com.au/
2025-07-12 13:12:56,983 - video_recorder - INFO - Started browser video recording: outputs/2025-07-12_13-12-42/videos/desktop/myithub_au__desktop.mp4
2025-07-12 13:12:56,984 - website_analyzer - INFO - Started video recording for https://www.myithub.com.au/ (desktop)
2025-07-12 13:12:56,984 - browser_manager - INFO - Starting page scroll for 30 seconds with 30 steps
2025-07-12 13:13:13,114 - urllib3.connectionpool - WARNING - Connection pool is full, discarding connection: localhost. Connection pool size: 1
2025-07-12 13:13:21,324 - browser_manager - INFO - Page height updated to 3462px after lazy loading
2025-07-12 13:13:49,294 - urllib3.connectionpool - WARNING - Connection pool is full, discarding connection: localhost. Connection pool size: 1
2025-07-12 13:13:49,676 - browser_manager - INFO - Scroll progress: 3.3%
2025-07-12 13:13:50,696 - browser_manager - INFO - Scroll progress: 6.7%
2025-07-12 13:14:02,364 - urllib3.connectionpool - WARNING - Connection pool is full, discarding connection: localhost. Connection pool size: 1
2025-07-12 13:14:02,762 - browser_manager - INFO - Scroll progress: 10.0%
2025-07-12 13:14:03,081 - urllib3.connectionpool - WARNING - Connection pool is full, discarding connection: localhost. Connection pool size: 1
2025-07-12 13:14:03,885 - browser_manager - INFO - Scroll progress: 13.3%
2025-07-12 13:14:04,894 - browser_manager - INFO - Scroll progress: 16.7%
2025-07-12 13:14:05,523 - urllib3.connectionpool - WARNING - Connection pool is full, discarding connection: localhost. Connection pool size: 1
2025-07-12 13:14:06,280 - browser_manager - INFO - Scroll progress: 20.0%
2025-07-12 13:14:07,706 - urllib3.connectionpool - WARNING - Connection pool is full, discarding connection: localhost. Connection pool size: 1
2025-07-12 13:14:08,351 - browser_manager - INFO - Scroll progress: 23.3%
2025-07-12 13:14:08,396 - urllib3.connectionpool - WARNING - Connection pool is full, discarding connection: localhost. Connection pool size: 1
2025-07-12 13:14:09,401 - browser_manager - INFO - Scroll progress: 26.7%
2025-07-12 13:14:09,698 - urllib3.connectionpool - WARNING - Connection pool is full, discarding connection: localhost. Connection pool size: 1
2025-07-12 13:14:10,699 - browser_manager - INFO - Scroll progress: 30.0%
2025-07-12 13:14:11,708 - browser_manager - INFO - Scroll progress: 33.3%
2025-07-12 13:14:12,714 - browser_manager - INFO - Scroll progress: 36.7%
2025-07-12 13:14:12,724 - urllib3.connectionpool - WARNING - Connection pool is full, discarding connection: localhost. Connection pool size: 1
2025-07-12 13:14:13,727 - browser_manager - INFO - Scroll progress: 40.0%
2025-07-12 13:14:13,853 - urllib3.connectionpool - WARNING - Connection pool is full, discarding connection: localhost. Connection pool size: 1
2025-07-12 13:14:14,858 - browser_manager - INFO - Scroll progress: 43.3%
2025-07-12 13:14:15,867 - browser_manager - INFO - Scroll progress: 46.7%
2025-07-12 13:14:15,880 - urllib3.connectionpool - WARNING - Connection pool is full, discarding connection: localhost. Connection pool size: 1
2025-07-12 13:14:16,881 - browser_manager - INFO - Scroll progress: 50.0%
2025-07-12 13:14:16,959 - urllib3.connectionpool - WARNING - Connection pool is full, discarding connection: localhost. Connection pool size: 1
2025-07-12 13:14:17,961 - browser_manager - INFO - Scroll progress: 53.3%
2025-07-12 13:14:18,059 - urllib3.connectionpool - WARNING - Connection pool is full, discarding connection: localhost. Connection pool size: 1
2025-07-12 13:14:19,062 - browser_manager - INFO - Scroll progress: 56.7%
2025-07-12 13:14:20,071 - browser_manager - INFO - Scroll progress: 60.0%
2025-07-12 13:14:21,079 - browser_manager - INFO - Scroll progress: 63.3%
2025-07-12 13:14:21,154 - urllib3.connectionpool - WARNING - Connection pool is full, discarding connection: localhost. Connection pool size: 1
2025-07-12 13:14:22,159 - browser_manager - INFO - Scroll progress: 66.7%
2025-07-12 13:14:22,170 - urllib3.connectionpool - WARNING - Connection pool is full, discarding connection: localhost. Connection pool size: 1
2025-07-12 13:14:23,174 - browser_manager - INFO - Scroll progress: 70.0%
2025-07-12 13:14:24,178 - browser_manager - INFO - Scroll progress: 73.3%
2025-07-12 13:14:24,183 - urllib3.connectionpool - WARNING - Connection pool is full, discarding connection: localhost. Connection pool size: 1
2025-07-12 13:14:25,188 - browser_manager - INFO - Scroll progress: 76.7%
2025-07-12 13:14:25,270 - urllib3.connectionpool - WARNING - Connection pool is full, discarding connection: localhost. Connection pool size: 1
2025-07-12 13:14:26,275 - browser_manager - INFO - Scroll progress: 80.0%
2025-07-12 13:14:27,283 - browser_manager - INFO - Scroll progress: 83.3%
2025-07-12 13:14:27,319 - urllib3.connectionpool - WARNING - Connection pool is full, discarding connection: localhost. Connection pool size: 1
2025-07-12 13:14:28,323 - browser_manager - INFO - Scroll progress: 86.7%
2025-07-12 13:14:29,331 - browser_manager - INFO - Scroll progress: 90.0%
2025-07-12 13:14:29,458 - urllib3.connectionpool - WARNING - Connection pool is full, discarding connection: localhost. Connection pool size: 1
2025-07-12 13:14:30,462 - browser_manager - INFO - Scroll progress: 93.3%
2025-07-12 13:14:30,469 - urllib3.connectionpool - WARNING - Connection pool is full, discarding connection: localhost. Connection pool size: 1
2025-07-12 13:14:31,474 - browser_manager - INFO - Scroll progress: 96.7%
2025-07-12 13:14:31,544 - urllib3.connectionpool - WARNING - Connection pool is full, discarding connection: localhost. Connection pool size: 1
2025-07-12 13:14:32,544 - browser_manager - INFO - Scroll progress: 100.0%
2025-07-12 13:14:32,583 - urllib3.connectionpool - WARNING - Connection pool is full, discarding connection: localhost. Connection pool size: 1
2025-07-12 13:14:33,622 - urllib3.connectionpool - WARNING - Connection pool is full, discarding connection: localhost. Connection pool size: 1
2025-07-12 13:14:33,625 - browser_manager - INFO - Successfully reached page bottom
2025-07-12 13:14:33,625 - browser_manager - INFO - Page scroll completed successfully
2025-07-12 13:14:35,910 - imageio_ffmpeg - WARNING - IMAGEIO FFMPEG_WRITER WARNING: input image is not divisible by macro_block_size=16, resizing from (1920, 941) to (1920, 944) to ensure video compatibility with most codecs and players. To prevent resizing, make your input image divisible by the macro_block_size or set the macro_block_size to 1 (risking incompatibility).
2025-07-12 13:14:38,204 - video_recorder - INFO - Browser recording completed. Frames captured: 179
2025-07-12 13:14:38,211 - video_recorder - INFO - Browser video recording stopped
2025-07-12 13:14:38,211 - website_analyzer - INFO - Video recording completed: outputs/2025-07-12_13-12-42/videos/desktop/myithub_au__desktop.mp4
2025-07-12 13:14:38,212 - browser_manager - INFO - Navigating to: https://www.myithub.com.au/
2025-07-12 13:14:43,656 - browser_manager - INFO - Checking for delayed CSS...
2025-07-12 13:14:43,663 - browser_manager - INFO - Delayed CSS elements found: True
2025-07-12 13:14:43,663 - browser_manager - INFO - Detected delayed CSS (WP Rocket/Hummingbird), triggering user events...
2025-07-12 13:14:43,669 - browser_manager - INFO - Found 75 delayed stylesheets
2025-07-12 13:14:57,841 - browser_manager - INFO - Delayed CSS successfully loaded and applied
2025-07-12 13:14:57,841 - browser_manager - INFO - Successfully navigated to: https://www.myithub.com.au/
2025-07-12 13:15:00,842 - website_analyzer - INFO - Starting error capture scroll for https://www.myithub.com.au/ (desktop)
2025-07-12 13:15:00,842 - browser_manager - INFO - Starting error capture scroll for 15 seconds
2025-07-12 13:15:03,600 - browser_manager - INFO - Page height updated to 3462px after lazy loading
2025-07-12 13:15:17,543 - browser_manager - INFO - Error capture scroll progress: 10.0%
2025-07-12 13:15:22,217 - browser_manager - INFO - Error capture scroll progress: 20.0%
2025-07-12 13:15:23,866 - browser_manager - INFO - Error capture scroll progress: 30.0%
2025-07-12 13:15:25,396 - browser_manager - INFO - Error capture scroll progress: 40.0%
2025-07-12 13:15:26,936 - browser_manager - INFO - Error capture scroll progress: 50.0%
2025-07-12 13:15:28,460 - browser_manager - INFO - Error capture scroll progress: 60.0%
2025-07-12 13:15:30,009 - browser_manager - INFO - Error capture scroll progress: 70.0%
2025-07-12 13:15:31,538 - browser_manager - INFO - Error capture scroll progress: 80.0%
2025-07-12 13:15:33,089 - browser_manager - INFO - Error capture scroll progress: 90.0%
2025-07-12 13:15:34,626 - browser_manager - INFO - Error capture scroll progress: 100.0%
2025-07-12 13:15:36,676 - browser_manager - INFO - Error capture scroll completed. Found 3 total errors across 3 scroll positions
2025-07-12 13:15:36,676 - website_analyzer - INFO - Error capture completed for https://www.myithub.com.au/ (desktop): Found 3 errors
2025-07-12 13:15:36,676 - website_analyzer - INFO - Error types found: scroll_errors
2025-07-12 13:15:36,677 - browser_manager - INFO - Taking screenshot: outputs/2025-07-12_13-12-42/screenshots/desktop/myithub_au__desktop.png
2025-07-12 13:15:37,719 - browser_manager - INFO - Screenshot saved: outputs/2025-07-12_13-12-42/screenshots/desktop/myithub_au__desktop.png
2025-07-12 13:15:37,719 - website_analyzer - INFO - Page screenshot saved: outputs/2025-07-12_13-12-42/screenshots/desktop/myithub_au__desktop.png
2025-07-12 13:15:37,899 - website_analyzer - INFO - Attempting PageSpeed API analysis for https://www.myithub.com.au/
2025-07-12 13:15:37,899 - pagespeed_analyzer - INFO - Analyzing https://www.myithub.com.au/ for mobile strategy
2025-07-12 13:15:38,680 - pagespeed_analyzer - ERROR - Error in API analysis for https://www.myithub.com.au/: 429 Client Error: Too Many Requests for url: https://www.googleapis.com/pagespeedonline/v5/runPagespeed?url=https%3A%2F%2Fwww.myithub.com.au%2F&strategy=mobile&category=performance
2025-07-12 13:15:40,685 - pagespeed_analyzer - INFO - Analyzing https://www.myithub.com.au/ for desktop strategy
2025-07-12 13:15:41,448 - pagespeed_analyzer - ERROR - Error in API analysis for https://www.myithub.com.au/: 429 Client Error: Too Many Requests for url: https://www.googleapis.com/pagespeedonline/v5/runPagespeed?url=https%3A%2F%2Fwww.myithub.com.au%2F&strategy=desktop&category=performance
2025-07-12 13:15:43,452 - website_analyzer - WARNING - PageSpeed API rate limit reached for https://www.myithub.com.au/, using fallback analyzer
2025-07-12 13:15:43,452 - pagespeed_analyzer - INFO - Analyzing https://www.myithub.com.au/ for mobile strategy
2025-07-12 13:15:43,452 - pagespeed_analyzer - INFO - Starting simple performance analysis for https://www.myithub.com.au/ (mobile)
2025-07-12 13:15:43,452 - browser_manager - INFO - Navigating to: https://www.myithub.com.au/
2025-07-12 13:15:46,697 - browser_manager - INFO - Checking for delayed CSS...
2025-07-12 13:15:46,703 - browser_manager - INFO - Delayed CSS elements found: True
2025-07-12 13:15:46,703 - browser_manager - INFO - Detected delayed CSS (WP Rocket/Hummingbird), triggering user events...
2025-07-12 13:15:46,705 - browser_manager - INFO - Found 75 delayed stylesheets
2025-07-12 13:15:52,297 - browser_manager - INFO - Delayed CSS successfully loaded and applied
2025-07-12 13:15:52,297 - browser_manager - INFO - Successfully navigated to: https://www.myithub.com.au/
2025-07-12 13:16:07,061 - pagespeed_analyzer - INFO - Simple performance analysis completed for https://www.myithub.com.au/ (mobile): Score 80
2025-07-12 13:16:09,066 - pagespeed_analyzer - INFO - Analyzing https://www.myithub.com.au/ for desktop strategy
2025-07-12 13:16:09,066 - pagespeed_analyzer - INFO - Starting simple performance analysis for https://www.myithub.com.au/ (desktop)
2025-07-12 13:16:09,066 - browser_manager - INFO - Navigating to: https://www.myithub.com.au/
2025-07-12 13:16:13,525 - browser_manager - INFO - Checking for delayed CSS...
2025-07-12 13:16:13,527 - browser_manager - INFO - Delayed CSS elements found: True
2025-07-12 13:16:13,528 - browser_manager - INFO - Detected delayed CSS (WP Rocket/Hummingbird), triggering user events...
2025-07-12 13:16:13,529 - browser_manager - INFO - Found 75 delayed stylesheets
2025-07-12 13:16:17,381 - browser_manager - INFO - Delayed CSS successfully loaded and applied
2025-07-12 13:16:17,381 - browser_manager - INFO - Successfully navigated to: https://www.myithub.com.au/
2025-07-12 13:16:29,407 - pagespeed_analyzer - INFO - Simple performance analysis completed for https://www.myithub.com.au/ (desktop): Score 80
2025-07-12 13:16:31,410 - website_analyzer - INFO - PageSpeed JSON results saved: outputs/2025-07-12_13-12-42/pagespeed/desktop/myithub_au__desktop_pagespeed_results.json
2025-07-12 13:16:31,410 - website_analyzer - INFO - PageSpeed summary report saved: outputs/2025-07-12_13-12-42/pagespeed/desktop/myithub_au__desktop_pagespeed_summary.txt
2025-07-12 13:16:31,410 - website_analyzer - INFO - PageSpeed performance chart saved: outputs/2025-07-12_13-12-42/pagespeed/desktop/myithub_au__desktop_pagespeed_chart.txt
2025-07-12 13:16:33,814 - website_analyzer - INFO - PageSpeed score screenshot saved: outputs/2025-07-12_13-12-42/pagespeed/desktop/myithub_au__desktop_pagespeed_score.png
2025-07-12 13:16:33,944 - browser_manager - INFO - Browser closed successfully
2025-07-12 13:16:33,945 - website_analyzer - INFO - Analyzing https://www.myithub.com.au/ for mobile viewport
2025-07-12 13:16:33,945 - WDM - INFO - ====== WebDriver manager ======
2025-07-12 13:16:34,727 - WDM - INFO - Get LATEST chromedriver version for google-chrome
2025-07-12 13:16:34,870 - WDM - INFO - Get LATEST chromedriver version for google-chrome
2025-07-12 13:16:34,982 - WDM - INFO - Driver [/Users/patrickdefreitas/.wdm/drivers/chromedriver/mac64/138.0.7204.94/chromedriver-mac-x64/chromedriver] found in cache
2025-07-12 13:16:41,104 - browser_manager - INFO - Browser driver setup complete for mobile viewport
2025-07-12 13:16:41,104 - browser_manager - INFO - Navigating to: https://www.myithub.com.au/
2025-07-12 13:16:44,721 - browser_manager - INFO - Checking for delayed CSS...
2025-07-12 13:16:44,734 - browser_manager - INFO - Delayed CSS elements found: True
2025-07-12 13:16:44,734 - browser_manager - INFO - Detected delayed CSS (WP Rocket/Hummingbird), triggering user events...
2025-07-12 13:16:44,739 - browser_manager - INFO - Found 76 delayed stylesheets
2025-07-12 13:16:49,000 - browser_manager - INFO - Delayed CSS successfully loaded and applied
2025-07-12 13:16:49,000 - browser_manager - INFO - Successfully navigated to: https://www.myithub.com.au/
2025-07-12 13:16:49,000 - video_recorder - INFO - Started browser video recording: outputs/2025-07-12_13-12-42/videos/mobile/myithub_au__mobile.mp4
2025-07-12 13:16:49,000 - website_analyzer - INFO - Started video recording for https://www.myithub.com.au/ (mobile)
2025-07-12 13:16:49,000 - browser_manager - INFO - Starting page scroll for 30 seconds with 30 steps
2025-07-12 13:17:06,544 - urllib3.connectionpool - WARNING - Connection pool is full, discarding connection: localhost. Connection pool size: 1
2025-07-12 13:17:45,248 - browser_manager - INFO - Scroll progress: 3.3%
2025-07-12 13:17:46,209 - urllib3.connectionpool - WARNING - Connection pool is full, discarding connection: localhost. Connection pool size: 1
2025-07-12 13:17:46,611 - browser_manager - INFO - Scroll progress: 6.7%
2025-07-12 13:17:48,035 - urllib3.connectionpool - WARNING - Connection pool is full, discarding connection: localhost. Connection pool size: 1
2025-07-12 13:17:48,061 - browser_manager - INFO - Scroll progress: 10.0%
2025-07-12 13:17:48,929 - urllib3.connectionpool - WARNING - Connection pool is full, discarding connection: localhost. Connection pool size: 1
2025-07-12 13:17:49,450 - browser_manager - INFO - Scroll progress: 13.3%
2025-07-12 13:17:50,727 - urllib3.connectionpool - WARNING - Connection pool is full, discarding connection: localhost. Connection pool size: 1
2025-07-12 13:17:51,095 - browser_manager - INFO - Scroll progress: 16.7%
2025-07-12 13:17:51,803 - urllib3.connectionpool - WARNING - Connection pool is full, discarding connection: localhost. Connection pool size: 1
2025-07-12 13:17:52,626 - browser_manager - INFO - Scroll progress: 20.0%
2025-07-12 13:17:52,852 - urllib3.connectionpool - WARNING - Connection pool is full, discarding connection: localhost. Connection pool size: 1
2025-07-12 13:17:53,745 - browser_manager - INFO - Scroll progress: 23.3%
2025-07-12 13:17:54,165 - urllib3.connectionpool - WARNING - Connection pool is full, discarding connection: localhost. Connection pool size: 1
2025-07-12 13:17:55,088 - browser_manager - INFO - Scroll progress: 26.7%
2025-07-12 13:17:55,659 - urllib3.connectionpool - WARNING - Connection pool is full, discarding connection: localhost. Connection pool size: 1
2025-07-12 13:17:56,451 - browser_manager - INFO - Scroll progress: 30.0%
2025-07-12 13:17:56,634 - urllib3.connectionpool - WARNING - Connection pool is full, discarding connection: localhost. Connection pool size: 1
2025-07-12 13:17:57,636 - browser_manager - INFO - Scroll progress: 33.3%
2025-07-12 13:17:58,393 - urllib3.connectionpool - WARNING - Connection pool is full, discarding connection: localhost. Connection pool size: 1
2025-07-12 13:17:59,243 - browser_manager - INFO - Scroll progress: 36.7%
2025-07-12 13:17:59,309 - urllib3.connectionpool - WARNING - Connection pool is full, discarding connection: localhost. Connection pool size: 1
2025-07-12 13:18:00,310 - browser_manager - INFO - Scroll progress: 40.0%
2025-07-12 13:18:01,318 - browser_manager - INFO - Scroll progress: 43.3%
2025-07-12 13:18:01,715 - urllib3.connectionpool - WARNING - Connection pool is full, discarding connection: localhost. Connection pool size: 1
2025-07-12 13:18:02,376 - browser_manager - INFO - Scroll progress: 46.7%
2025-07-12 13:18:02,389 - urllib3.connectionpool - WARNING - Connection pool is full, discarding connection: localhost. Connection pool size: 1
2025-07-12 13:18:03,390 - browser_manager - INFO - Scroll progress: 50.0%
2025-07-12 13:18:03,437 - urllib3.connectionpool - WARNING - Connection pool is full, discarding connection: localhost. Connection pool size: 1
2025-07-12 13:18:04,439 - browser_manager - INFO - Scroll progress: 53.3%
2025-07-12 13:18:04,459 - urllib3.connectionpool - WARNING - Connection pool is full, discarding connection: localhost. Connection pool size: 1
2025-07-12 13:18:05,460 - browser_manager - INFO - Scroll progress: 56.7%
2025-07-12 13:18:06,465 - browser_manager - INFO - Scroll progress: 60.0%
2025-07-12 13:18:06,493 - urllib3.connectionpool - WARNING - Connection pool is full, discarding connection: localhost. Connection pool size: 1
2025-07-12 13:18:07,494 - browser_manager - INFO - Scroll progress: 63.3%
2025-07-12 13:18:07,695 - urllib3.connectionpool - WARNING - Connection pool is full, discarding connection: localhost. Connection pool size: 1
2025-07-12 13:18:08,646 - browser_manager - INFO - Scroll progress: 66.7%
2025-07-12 13:18:08,688 - urllib3.connectionpool - WARNING - Connection pool is full, discarding connection: localhost. Connection pool size: 1
2025-07-12 13:18:09,690 - browser_manager - INFO - Scroll progress: 70.0%
2025-07-12 13:18:09,699 - urllib3.connectionpool - WARNING - Connection pool is full, discarding connection: localhost. Connection pool size: 1
2025-07-12 13:18:10,699 - browser_manager - INFO - Scroll progress: 73.3%
2025-07-12 13:18:11,703 - browser_manager - INFO - Scroll progress: 76.7%
2025-07-12 13:18:11,743 - urllib3.connectionpool - WARNING - Connection pool is full, discarding connection: localhost. Connection pool size: 1
2025-07-12 13:18:12,744 - browser_manager - INFO - Scroll progress: 80.0%
2025-07-12 13:18:12,751 - urllib3.connectionpool - WARNING - Connection pool is full, discarding connection: localhost. Connection pool size: 1
2025-07-12 13:18:13,752 - browser_manager - INFO - Scroll progress: 83.3%
2025-07-12 13:18:13,929 - urllib3.connectionpool - WARNING - Connection pool is full, discarding connection: localhost. Connection pool size: 1
2025-07-12 13:18:14,930 - browser_manager - INFO - Scroll progress: 86.7%
2025-07-12 13:18:14,977 - urllib3.connectionpool - WARNING - Connection pool is full, discarding connection: localhost. Connection pool size: 1
2025-07-12 13:18:15,935 - browser_manager - INFO - Scroll progress: 90.0%
2025-07-12 13:18:15,961 - urllib3.connectionpool - WARNING - Connection pool is full, discarding connection: localhost. Connection pool size: 1
2025-07-12 13:18:16,962 - browser_manager - INFO - Scroll progress: 93.3%
2025-07-12 13:18:16,967 - urllib3.connectionpool - WARNING - Connection pool is full, discarding connection: localhost. Connection pool size: 1
2025-07-12 13:18:17,968 - browser_manager - INFO - Scroll progress: 96.7%
2025-07-12 13:18:18,008 - urllib3.connectionpool - WARNING - Connection pool is full, discarding connection: localhost. Connection pool size: 1
2025-07-12 13:18:19,008 - browser_manager - INFO - Scroll progress: 100.0%
2025-07-12 13:18:19,043 - urllib3.connectionpool - WARNING - Connection pool is full, discarding connection: localhost. Connection pool size: 1
2025-07-12 13:18:20,051 - browser_manager - INFO - Successfully reached page bottom
2025-07-12 13:18:20,051 - browser_manager - INFO - Page scroll completed successfully
2025-07-12 13:18:22,093 - imageio_ffmpeg - WARNING - IMAGEIO FFMPEG_WRITER WARNING: input image is not divisible by macro_block_size=16, resizing from (500, 528) to (512, 528) to ensure video compatibility with most codecs and players. To prevent resizing, make your input image divisible by the macro_block_size or set the macro_block_size to 1 (risking incompatibility).
2025-07-12 13:18:23,001 - video_recorder - INFO - Browser recording completed. Frames captured: 297
2025-07-12 13:18:23,001 - video_recorder - INFO - Browser video recording stopped
2025-07-12 13:18:23,004 - website_analyzer - INFO - Video recording completed: outputs/2025-07-12_13-12-42/videos/mobile/myithub_au__mobile.mp4
2025-07-12 13:18:23,004 - browser_manager - INFO - Navigating to: https://www.myithub.com.au/
2025-07-12 13:18:28,693 - browser_manager - INFO - Checking for delayed CSS...
2025-07-12 13:18:28,698 - browser_manager - INFO - Delayed CSS elements found: True
2025-07-12 13:18:28,698 - browser_manager - INFO - Detected delayed CSS (WP Rocket/Hummingbird), triggering user events...
2025-07-12 13:18:28,702 - browser_manager - INFO - Found 76 delayed stylesheets
2025-07-12 13:18:40,078 - urllib3.connectionpool - WARNING - Retrying (Retry(total=2, connect=None, read=None, redirect=None, status=None)) after connection broken by 'ProtocolError('Connection aborted.', ConnectionResetError(54, 'Connection reset by peer'))': /session/ecfb58882e247b7c026bfe391341b6a7
2025-07-12 13:18:40,079 - urllib3.connectionpool - WARNING - Retrying (Retry(total=1, connect=None, read=None, redirect=None, status=None)) after connection broken by 'NewConnectionError('<urllib3.connection.HTTPConnection object at 0x7fe27026b220>: Failed to establish a new connection: [Errno 61] Connection refused')': /session/ecfb58882e247b7c026bfe391341b6a7
2025-07-12 13:18:40,080 - urllib3.connectionpool - WARNING - Retrying (Retry(total=0, connect=None, read=None, redirect=None, status=None)) after connection broken by 'NewConnectionError('<urllib3.connection.HTTPConnection object at 0x7fe27026b520>: Failed to establish a new connection: [Errno 61] Connection refused')': /session/ecfb58882e247b7c026bfe391341b6a7
2025-07-12 13:18:40,081 - browser_manager - INFO - Browser closed successfully
